[2024-03-29 22:34:30,578: INFO: _internal: [31m[1mWARNING: This is a development server. Do not use it in a production deployment. Use a production WSGI server instead.[0m
 * Running on all addresses (0.0.0.0)
 * Running on http://127.0.0.1:8080
 * Running on http://192.168.1.100:8080]
[2024-03-29 22:34:30,579: INFO: _internal: [33mPress CTRL+C to quit[0m]
[2024-03-29 22:35:05,574: INFO: _internal: 192.168.1.100 - - [29/Mar/2024 22:35:05] "GET / HTTP/1.1" 200 -]
[2024-03-29 22:35:05,635: INFO: _internal: 192.168.1.100 - - [29/Mar/2024 22:35:05] "GET /static/css2/nunito-font.css HTTP/1.1" 200 -]
[2024-03-29 22:35:05,638: INFO: _internal: 192.168.1.100 - - [29/Mar/2024 22:35:05] "GET /static/css2/style.css HTTP/1.1" 200 -]
[2024-03-29 22:35:05,638: INFO: _internal: 192.168.1.100 - - [29/Mar/2024 22:35:05] "GET /static/css/styles.css HTTP/1.1" 200 -]
[2024-03-29 22:35:05,651: INFO: _internal: 192.168.1.100 - - [29/Mar/2024 22:35:05] "GET /static/js/scripts.js HTTP/1.1" 200 -]
[2024-03-29 22:35:06,296: INFO: _internal: 192.168.1.100 - - [29/Mar/2024 22:35:06] "GET /static/assets/img/risk.jpg HTTP/1.1" 200 -]
[2024-03-29 22:35:06,331: INFO: _internal: 192.168.1.100 - - [29/Mar/2024 22:35:06] "[33mGET /static/fonts/Nunito/Nunito-Bold.ttf HTTP/1.1[0m" 404 -]
[2024-03-29 22:35:06,669: INFO: _internal: 192.168.1.100 - - [29/Mar/2024 22:35:06] "GET /static/assets/favicon.ico HTTP/1.1" 200 -]
[2024-03-29 22:36:00,040: INFO: main: >>>>>> stage Data Ingestion stage started <<<<<<]
[2024-03-29 22:36:00,044: INFO: common: yaml file: config\config.yaml loaded successfully]
[2024-03-29 22:36:00,046: INFO: common: yaml file: params.yaml loaded successfully]
[2024-03-29 22:36:00,048: INFO: common: yaml file: schema.yaml loaded successfully]
[2024-03-29 22:36:00,049: INFO: common: created directory at: artifacts]
[2024-03-29 22:36:00,049: INFO: common: created directory at: artifacts/data_ingestion]
[2024-03-29 22:36:01,943: INFO: data_ingestion: artifacts/data_ingestion/data.zip download! with following info: 
Connection: close
Content-Length: 1578008
Cache-Control: max-age=300
Content-Security-Policy: default-src 'none'; style-src 'unsafe-inline'; sandbox
Content-Type: application/zip
ETag: "896ab66660dab4a8e45f946d34ab090956fb74d22ad98a8814207a0d89351ea0"
Strict-Transport-Security: max-age=31536000
X-Content-Type-Options: nosniff
X-Frame-Options: deny
X-XSS-Protection: 1; mode=block
X-GitHub-Request-Id: 083E:2B775B:4D2345:5F634F:6606F4F8
Accept-Ranges: bytes
Date: Fri, 29 Mar 2024 17:06:01 GMT
Via: 1.1 varnish
X-Served-By: cache-qpg120084-QPG
X-Cache: MISS
X-Cache-Hits: 0
X-Timer: S1711731961.358444,VS0,VE336
Vary: Authorization,Accept-Encoding,Origin
Access-Control-Allow-Origin: *
Cross-Origin-Resource-Policy: cross-origin
X-Fastly-Request-ID: 0993e352f73715e3a3ced941645490017c64b5f1
Expires: Fri, 29 Mar 2024 17:11:01 GMT
Source-Age: 0

]
[2024-03-29 22:36:01,978: INFO: main: >>>>>> stage Data Ingestion stage completed <<<<<<

x==========x]
[2024-03-29 22:36:01,979: INFO: main: >>>>>> stage Data Validation stage started <<<<<<]
[2024-03-29 22:36:01,982: INFO: common: yaml file: config\config.yaml loaded successfully]
[2024-03-29 22:36:01,983: INFO: common: yaml file: params.yaml loaded successfully]
[2024-03-29 22:36:01,985: INFO: common: yaml file: schema.yaml loaded successfully]
[2024-03-29 22:36:01,985: INFO: common: created directory at: artifacts]
[2024-03-29 22:36:01,986: INFO: common: created directory at: artifacts/data_validation]
[2024-03-29 22:36:02,127: INFO: main: >>>>>> stage Data Validation stage completed <<<<<<

x==========x]
[2024-03-29 22:36:02,128: INFO: main: >>>>>> stage Data Transformation stage started <<<<<<]
[2024-03-29 22:36:02,137: INFO: common: yaml file: config\config.yaml loaded successfully]
[2024-03-29 22:36:02,138: INFO: common: yaml file: params.yaml loaded successfully]
[2024-03-29 22:36:02,140: INFO: common: yaml file: schema.yaml loaded successfully]
[2024-03-29 22:36:02,141: INFO: common: created directory at: artifacts]
[2024-03-29 22:36:02,141: INFO: common: created directory at: artifacts/data_transformation]
[2024-03-29 22:36:02,780: INFO: data_transformation: Splited data into training and test sets]
[2024-03-29 22:36:02,781: INFO: data_transformation: (189000, 10)]
[2024-03-29 22:36:02,781: INFO: data_transformation: (63000, 10)]
[2024-03-29 22:36:02,785: INFO: main: >>>>>> stage Data Transformation stage completed <<<<<<

x==========x]
[2024-03-29 22:36:02,785: INFO: main: >>>>>> stage Model Trainer stage started <<<<<<]
[2024-03-29 22:36:02,787: INFO: common: yaml file: config\config.yaml loaded successfully]
[2024-03-29 22:36:02,789: INFO: common: yaml file: params.yaml loaded successfully]
[2024-03-29 22:36:02,791: INFO: common: yaml file: schema.yaml loaded successfully]
[2024-03-29 22:36:02,791: INFO: common: created directory at: artifacts]
[2024-03-29 22:36:02,792: INFO: common: created directory at: artifacts/model_trainer]
[2024-03-29 22:36:11,044: INFO: main: >>>>>> stage Model Trainer stage completed <<<<<<

x==========x]
[2024-03-29 22:36:11,044: INFO: main: >>>>>> stage Model evaluation stage started <<<<<<]
[2024-03-29 22:36:11,047: INFO: common: yaml file: config\config.yaml loaded successfully]
[2024-03-29 22:36:11,048: INFO: common: yaml file: params.yaml loaded successfully]
[2024-03-29 22:36:11,050: INFO: common: yaml file: schema.yaml loaded successfully]
[2024-03-29 22:36:11,051: INFO: common: created directory at: artifacts]
[2024-03-29 22:36:11,051: INFO: common: created directory at: artifacts/model_evaluation]
[2024-03-29 22:36:11,804: INFO: common: json file saved at: artifacts\model_evaluation\metrics.json]
[2024-03-29 22:36:11,810: INFO: main: >>>>>> stage Model evaluation stage completed <<<<<<

x==========x]
